[30-Mar-2025 11:40:26 UTC] PHP Fatal error:  Uncaught PDOException: SQLSTATE[23000]: Integrity constraint violation: 1062 Duplicate entry '1234' for key 'users.username' in C:\laragon\www\mill_isok_reports\register.php:9
Stack trace:
#0 C:\laragon\www\mill_isok_reports\register.php(9): PDOStatement->execute(Array)
#1 {main}
  thrown in C:\laragon\www\mill_isok_reports\register.php on line 9
[30-Mar-2025 11:40:49 UTC] PHP Fatal error:  Uncaught PDOException: SQLSTATE[23000]: Integrity constraint violation: 1062 Duplicate entry '1234' for key 'users.username' in C:\laragon\www\mill_isok_reports\register.php:9
Stack trace:
#0 C:\laragon\www\mill_isok_reports\register.php(9): PDOStatement->execute(Array)
#1 {main}
  thrown in C:\laragon\www\mill_isok_reports\register.php on line 9
[30-Mar-2025 13:39:12 UTC] PHP Warning:  Undefined variable $hashed_password in C:\laragon\www\mill_isok_reports\register.php on line 10
[30-Mar-2025 13:41:19 UTC] PHP Warning:  Undefined variable $hashed_password in C:\laragon\www\mill_isok_reports\register.php on line 10
[30-Mar-2025 13:41:31 UTC] PHP Warning:  Undefined variable $hashed_password in C:\laragon\www\mill_isok_reports\register.php on line 10
[30-Mar-2025 13:41:44 UTC] PHP Warning:  Undefined variable $hashed_password in C:\laragon\www\mill_isok_reports\register.php on line 10
[30-Mar-2025 13:42:06 UTC] PHP Warning:  Undefined variable $hashed_password in C:\laragon\www\mill_isok_reports\register.php on line 10
[30-Mar-2025 13:44:59 UTC] PHP Notice:  session_start(): Ignoring session_start() because a session is already active in C:\laragon\www\mill_isok_reports\login.php on line 103
[30-Mar-2025 13:45:01 UTC] PHP Notice:  session_start(): Ignoring session_start() because a session is already active in C:\laragon\www\mill_isok_reports\login.php on line 103
[30-Mar-2025 13:45:16 UTC] PHP Notice:  session_start(): Ignoring session_start() because a session is already active in C:\laragon\www\mill_isok_reports\login.php on line 103
[30-Mar-2025 13:45:17 UTC] PHP Notice:  session_start(): Ignoring session_start() because a session is already active in C:\laragon\www\mill_isok_reports\login.php on line 103
[30-Mar-2025 13:45:24 UTC] PHP Notice:  session_start(): Ignoring session_start() because a session is already active in C:\laragon\www\mill_isok_reports\login.php on line 103
[30-Mar-2025 13:45:42 UTC] PHP Notice:  session_start(): Ignoring session_start() because a session is already active in C:\laragon\www\mill_isok_reports\login.php on line 103
[30-Mar-2025 13:46:01 UTC] PHP Notice:  session_start(): Ignoring session_start() because a session is already active in C:\laragon\www\mill_isok_reports\login.php on line 103
[30-Mar-2025 13:46:03 UTC] PHP Notice:  session_start(): Ignoring session_start() because a session is already active in C:\laragon\www\mill_isok_reports\login.php on line 103
